<?xml version="1.0" encoding="UTF-8"?>
<!-- Generated by org.testng.reporters.JUnitXMLReporter -->
<testsuite hostname="emdadripons-Air.fios-router.home" ignored="0" name="KP" tests="10" failures="0" timestamp="2020-02-01T18:09:06 EST" time="197.502" errors="0">
  <testcase name="OurOrganigationLinks" time="0.471" classname="pagetests.LoginTest"/>
  <testcase name="findCareLink" time="0.284" classname="pagetests.LoginTest"/>
  <testcase name="loginToApp" time="0.786" classname="pagetests.LoginTest"/>
  <testcase name="toolTip" time="0.161" classname="pagetests.LoginTest"/>
  <testcase name="toolTipLink" time="0.493" classname="pagetests.LoginTest"/>
  <testcase name="verifyImage" time="0.113" classname="pagetests.LoginTest"/>
  <testcase name="verifyText" time="0.049" classname="pagetests.LoginTest"/>
  <testcase name="topImage" time="0.371" classname="pagetests.LoginTest"/>
  <testcase name="hiroImageHeadLine" time="0.133" classname="pagetests.LoginTest"/>
  <testcase name="subHeading" time="0.137" classname="pagetests.LoginTest"/>
</testsuite> <!-- KP -->
