<?xml version="1.0" encoding="UTF-8"?>
<!-- Generated by org.testng.reporters.JUnitXMLReporter -->
<testsuite hostname="emdadripons-Air.fios-router.home" ignored="0" name="Default test" tests="10" failures="0" timestamp="2020-02-01T17:33:09 EST" time="177.03" errors="0">
  <testcase name="OurOrganigationLinks" time="0.346" classname="pagetests.LoginTest"/>
  <testcase name="findCareLink" time="0.149" classname="pagetests.LoginTest"/>
  <testcase name="loginToApp" time="0.611" classname="pagetests.LoginTest"/>
  <testcase name="toolTip" time="0.173" classname="pagetests.LoginTest"/>
  <testcase name="toolTipLink" time="0.276" classname="pagetests.LoginTest"/>
  <testcase name="verifyImage" time="0.074" classname="pagetests.LoginTest"/>
  <testcase name="verifyText" time="0.031" classname="pagetests.LoginTest"/>
  <testcase name="topImage" time="0.081" classname="pagetests.LoginTest"/>
  <testcase name="hiroImageHeadLine" time="0.059" classname="pagetests.LoginTest"/>
  <testcase name="subHeading" time="0.207" classname="pagetests.LoginTest"/>
</testsuite> <!-- Default test -->
