<?xml version="1.0" encoding="UTF-8"?>
<testng-results skipped="0" failed="0" ignored="0" total="10" passed="10">
  <reporter-output>
  </reporter-output>
  <suite name="KPAutomation" duration-ms="197502" started-at="2020-02-01T18:05:48 EST" finished-at="2020-02-01T18:09:06 EST">
    <groups>
    </groups>
    <test name="KP" duration-ms="197502" started-at="2020-02-01T18:05:48 EST" finished-at="2020-02-01T18:09:06 EST">
      <class name="pagetests.LoginTest">
        <test-method status="PASS" signature="setUp()[pri:0, instance:pagetests.LoginTest@4bbfb90a]" name="setUp" is-config="true" duration-ms="14424" started-at="2020-02-01T18:05:49 EST" finished-at="2020-02-01T18:06:03 EST">
          <reporter-output>
          </reporter-output>
        </test-method> <!-- setUp -->
        <test-method status="PASS" signature="OurOrganigationLinks()[pri:0, instance:pagetests.LoginTest@4bbfb90a]" name="OurOrganigationLinks" duration-ms="471" started-at="2020-02-01T18:06:03 EST" finished-at="2020-02-01T18:06:03 EST">
          <reporter-output>
          </reporter-output>
        </test-method> <!-- OurOrganigationLinks -->
        <test-method status="PASS" signature="tearDown()[pri:0, instance:pagetests.LoginTest@4bbfb90a]" name="tearDown" is-config="true" duration-ms="2458" started-at="2020-02-01T18:06:03 EST" finished-at="2020-02-01T18:06:06 EST">
          <reporter-output>
          </reporter-output>
        </test-method> <!-- tearDown -->
        <test-method status="PASS" signature="setUp()[pri:0, instance:pagetests.LoginTest@4bbfb90a]" name="setUp" is-config="true" duration-ms="10881" started-at="2020-02-01T18:06:06 EST" finished-at="2020-02-01T18:06:17 EST">
          <reporter-output>
          </reporter-output>
        </test-method> <!-- setUp -->
        <test-method status="PASS" signature="findCareLink()[pri:0, instance:pagetests.LoginTest@4bbfb90a]" name="findCareLink" duration-ms="284" started-at="2020-02-01T18:06:17 EST" finished-at="2020-02-01T18:06:17 EST">
          <reporter-output>
          </reporter-output>
        </test-method> <!-- findCareLink -->
        <test-method status="PASS" signature="tearDown()[pri:0, instance:pagetests.LoginTest@4bbfb90a]" name="tearDown" is-config="true" duration-ms="3857" started-at="2020-02-01T18:06:17 EST" finished-at="2020-02-01T18:06:21 EST">
          <reporter-output>
          </reporter-output>
        </test-method> <!-- tearDown -->
        <test-method status="PASS" signature="setUp()[pri:0, instance:pagetests.LoginTest@4bbfb90a]" name="setUp" is-config="true" duration-ms="7403" started-at="2020-02-01T18:06:21 EST" finished-at="2020-02-01T18:06:28 EST">
          <reporter-output>
          </reporter-output>
        </test-method> <!-- setUp -->
        <test-method status="PASS" signature="loginToApp()[pri:0, instance:pagetests.LoginTest@4bbfb90a]" name="loginToApp" duration-ms="786" started-at="2020-02-01T18:06:28 EST" finished-at="2020-02-01T18:06:29 EST">
          <reporter-output>
          </reporter-output>
        </test-method> <!-- loginToApp -->
        <test-method status="PASS" signature="tearDown()[pri:0, instance:pagetests.LoginTest@4bbfb90a]" name="tearDown" is-config="true" duration-ms="2432" started-at="2020-02-01T18:06:29 EST" finished-at="2020-02-01T18:06:32 EST">
          <reporter-output>
          </reporter-output>
        </test-method> <!-- tearDown -->
        <test-method status="PASS" signature="setUp()[pri:0, instance:pagetests.LoginTest@4bbfb90a]" name="setUp" is-config="true" duration-ms="7933" started-at="2020-02-01T18:06:32 EST" finished-at="2020-02-01T18:06:39 EST">
          <reporter-output>
          </reporter-output>
        </test-method> <!-- setUp -->
        <test-method status="PASS" signature="toolTip()[pri:0, instance:pagetests.LoginTest@4bbfb90a]" name="toolTip" duration-ms="161" started-at="2020-02-01T18:06:39 EST" finished-at="2020-02-01T18:06:40 EST">
          <reporter-output>
          </reporter-output>
        </test-method> <!-- toolTip -->
        <test-method status="PASS" signature="tearDown()[pri:0, instance:pagetests.LoginTest@4bbfb90a]" name="tearDown" is-config="true" duration-ms="53305" started-at="2020-02-01T18:06:40 EST" finished-at="2020-02-01T18:07:33 EST">
          <reporter-output>
          </reporter-output>
        </test-method> <!-- tearDown -->
        <test-method status="PASS" signature="setUp()[pri:0, instance:pagetests.LoginTest@4bbfb90a]" name="setUp" is-config="true" duration-ms="13748" started-at="2020-02-01T18:07:33 EST" finished-at="2020-02-01T18:07:47 EST">
          <reporter-output>
          </reporter-output>
        </test-method> <!-- setUp -->
        <test-method status="PASS" signature="toolTipLink()[pri:0, instance:pagetests.LoginTest@4bbfb90a]" name="toolTipLink" duration-ms="493" started-at="2020-02-01T18:07:47 EST" finished-at="2020-02-01T18:07:47 EST">
          <reporter-output>
          </reporter-output>
        </test-method> <!-- toolTipLink -->
        <test-method status="PASS" signature="tearDown()[pri:0, instance:pagetests.LoginTest@4bbfb90a]" name="tearDown" is-config="true" duration-ms="3043" started-at="2020-02-01T18:07:47 EST" finished-at="2020-02-01T18:07:50 EST">
          <reporter-output>
          </reporter-output>
        </test-method> <!-- tearDown -->
        <test-method status="PASS" signature="setUp()[pri:0, instance:pagetests.LoginTest@4bbfb90a]" name="setUp" is-config="true" duration-ms="12457" started-at="2020-02-01T18:07:50 EST" finished-at="2020-02-01T18:08:03 EST">
          <reporter-output>
          </reporter-output>
        </test-method> <!-- setUp -->
        <test-method status="PASS" signature="verifyImage()[pri:0, instance:pagetests.LoginTest@4bbfb90a]" name="verifyImage" duration-ms="113" started-at="2020-02-01T18:08:03 EST" finished-at="2020-02-01T18:08:03 EST">
          <reporter-output>
          </reporter-output>
        </test-method> <!-- verifyImage -->
        <test-method status="PASS" signature="tearDown()[pri:0, instance:pagetests.LoginTest@4bbfb90a]" name="tearDown" is-config="true" duration-ms="3946" started-at="2020-02-01T18:08:03 EST" finished-at="2020-02-01T18:08:07 EST">
          <reporter-output>
          </reporter-output>
        </test-method> <!-- tearDown -->
        <test-method status="PASS" signature="setUp()[pri:0, instance:pagetests.LoginTest@4bbfb90a]" name="setUp" is-config="true" duration-ms="11405" started-at="2020-02-01T18:08:07 EST" finished-at="2020-02-01T18:08:18 EST">
          <reporter-output>
          </reporter-output>
        </test-method> <!-- setUp -->
        <test-method status="PASS" signature="verifyText()[pri:0, instance:pagetests.LoginTest@4bbfb90a]" name="verifyText" duration-ms="49" started-at="2020-02-01T18:08:18 EST" finished-at="2020-02-01T18:08:18 EST">
          <reporter-output>
          </reporter-output>
        </test-method> <!-- verifyText -->
        <test-method status="PASS" signature="tearDown()[pri:0, instance:pagetests.LoginTest@4bbfb90a]" name="tearDown" is-config="true" duration-ms="3986" started-at="2020-02-01T18:08:18 EST" finished-at="2020-02-01T18:08:22 EST">
          <reporter-output>
          </reporter-output>
        </test-method> <!-- tearDown -->
        <test-method status="PASS" signature="setUp()[pri:0, instance:pagetests.LoginTest@4bbfb90a]" name="setUp" is-config="true" duration-ms="9930" started-at="2020-02-01T18:08:22 EST" finished-at="2020-02-01T18:08:32 EST">
          <reporter-output>
          </reporter-output>
        </test-method> <!-- setUp -->
        <test-method status="PASS" signature="topImage()[pri:1, instance:pagetests.LoginTest@4bbfb90a]" name="topImage" duration-ms="371" started-at="2020-02-01T18:08:32 EST" description="Verify top Image" finished-at="2020-02-01T18:08:32 EST">
          <reporter-output>
          </reporter-output>
        </test-method> <!-- topImage -->
        <test-method status="PASS" signature="tearDown()[pri:0, instance:pagetests.LoginTest@4bbfb90a]" name="tearDown" is-config="true" duration-ms="4227" started-at="2020-02-01T18:08:33 EST" finished-at="2020-02-01T18:08:37 EST">
          <reporter-output>
          </reporter-output>
        </test-method> <!-- tearDown -->
        <test-method status="PASS" signature="setUp()[pri:0, instance:pagetests.LoginTest@4bbfb90a]" name="setUp" is-config="true" duration-ms="10076" started-at="2020-02-01T18:08:37 EST" finished-at="2020-02-01T18:08:47 EST">
          <reporter-output>
          </reporter-output>
        </test-method> <!-- setUp -->
        <test-method status="PASS" signature="hiroImageHeadLine()[pri:2, instance:pagetests.LoginTest@4bbfb90a]" name="hiroImageHeadLine" duration-ms="133" started-at="2020-02-01T18:08:47 EST" description="Verify top headline" finished-at="2020-02-01T18:08:47 EST">
          <reporter-output>
          </reporter-output>
        </test-method> <!-- hiroImageHeadLine -->
        <test-method status="PASS" signature="tearDown()[pri:0, instance:pagetests.LoginTest@4bbfb90a]" name="tearDown" is-config="true" duration-ms="3866" started-at="2020-02-01T18:08:47 EST" finished-at="2020-02-01T18:08:51 EST">
          <reporter-output>
          </reporter-output>
        </test-method> <!-- tearDown -->
        <test-method status="PASS" signature="setUp()[pri:0, instance:pagetests.LoginTest@4bbfb90a]" name="setUp" is-config="true" duration-ms="10615" started-at="2020-02-01T18:08:51 EST" finished-at="2020-02-01T18:09:01 EST">
          <reporter-output>
          </reporter-output>
        </test-method> <!-- setUp -->
        <test-method status="PASS" signature="subHeading()[pri:3, instance:pagetests.LoginTest@4bbfb90a]" name="subHeading" duration-ms="137" started-at="2020-02-01T18:09:01 EST" finished-at="2020-02-01T18:09:02 EST">
          <reporter-output>
          </reporter-output>
        </test-method> <!-- subHeading -->
        <test-method status="PASS" signature="tearDown()[pri:0, instance:pagetests.LoginTest@4bbfb90a]" name="tearDown" is-config="true" duration-ms="4372" started-at="2020-02-01T18:09:02 EST" finished-at="2020-02-01T18:09:06 EST">
          <reporter-output>
          </reporter-output>
        </test-method> <!-- tearDown -->
      </class> <!-- pagetests.LoginTest -->
    </test> <!-- KP -->
  </suite> <!-- KPAutomation -->
</testng-results>
